<?xml version="1.0" encoding="UTF-8"?>
<!-- Generated by org.testng.reporters.JUnitXMLReporter -->
<testsuite ignored="1" hostname="QT-INBG-LT0175" failures="0" tests="2" name="Activity" time="26.701" errors="0" timestamp="2021-03-24T16:14:30 IST">
  <testcase classname="Activity.ActivityPageTest" name="NameInLeftSide" time="19.721"/>
  <testcase classname="Activity.Display_Test" name="display" time="6.974"/>
  <testcase classname="Resources.Base" name="@BeforeSuite Bsuite" time="0.0">
    <ignored/>
  </testcase> <!-- @BeforeSuite Bsuite -->
</testsuite> <!-- Activity -->
