<?xml version="1.0" encoding="UTF-8"?>
<!-- Generated by org.testng.reporters.JUnitXMLReporter -->
<testsuite ignored="5" hostname="QT-INBG-LT0175" failures="0" tests="6" name="Sendkudos" time="102.773" errors="0" timestamp="2021-03-25T10:50:24 IST">
  <testcase classname="Sendkudos.ConfirmationMsg" name="sendkudo" time="17.817"/>
  <testcase classname="Sendkudos.Recent_Contacts" name="sk" time="10.462"/>
  <testcase classname="Sendkudos.SelectDeselectKudo" name="sendkudo" time="16.698"/>
  <testcase classname="Sendkudos.selectkudomultipleTest" name="sendkudo" time="24.672"/>
  <testcase classname="Sendkudos.selectkudoSingleTest" name="sendkudo" time="16.091"/>
  <testcase classname="Sendkudos.WithoutCitation" name="sendkudo" time="16.972"/>
  <testcase classname="Resources.Base" name="@BeforeSuite Bsuite" time="0.0">
    <ignored/>
  </testcase> <!-- @BeforeSuite Bsuite -->
  <testcase classname="Resources.Base" name="@BeforeSuite Bsuite" time="0.0">
    <ignored/>
  </testcase> <!-- @BeforeSuite Bsuite -->
  <testcase classname="Resources.Base" name="@BeforeSuite Bsuite" time="0.0">
    <ignored/>
  </testcase> <!-- @BeforeSuite Bsuite -->
  <testcase classname="Resources.Base" name="@BeforeSuite Bsuite" time="0.0">
    <ignored/>
  </testcase> <!-- @BeforeSuite Bsuite -->
  <testcase classname="Resources.Base" name="@BeforeSuite Bsuite" time="0.0">
    <ignored/>
  </testcase> <!-- @BeforeSuite Bsuite -->
</testsuite> <!-- Sendkudos -->
