<?xml version="1.0" encoding="UTF-8"?>
<!-- Generated by org.testng.reporters.JUnitXMLReporter -->
<testsuite ignored="5" hostname="QT-INBG-LT0175" failures="0" tests="6" name="test" time="115.947" errors="0" timestamp="2021-03-24T12:21:11 IST">
  <testcase classname="Sendkudos.selectkudomultipleTest" name="sendkudo" time="23.759"/>
  <testcase classname="Sendkudos.SelectDeselectKudo" name="sendkudo" time="14.259"/>
  <testcase classname="Sendkudos.ConfirmationMsg" name="sendkudo" time="17.544"/>
  <testcase classname="Sendkudos.Recent_Contacts" name="sk" time="24.698"/>
  <testcase classname="Sendkudos.selectkudoSingleTest" name="sendkudo" time="17.719"/>
  <testcase classname="Sendkudos.WithoutCitation" name="sendkudo" time="17.879"/>
  <testcase classname="Resources.Base" name="@BeforeSuite Bsuite" time="0.0">
    <ignored/>
  </testcase> <!-- @BeforeSuite Bsuite -->
  <testcase classname="Resources.Base" name="@BeforeSuite Bsuite" time="0.0">
    <ignored/>
  </testcase> <!-- @BeforeSuite Bsuite -->
  <testcase classname="Resources.Base" name="@BeforeSuite Bsuite" time="0.0">
    <ignored/>
  </testcase> <!-- @BeforeSuite Bsuite -->
  <testcase classname="Resources.Base" name="@BeforeSuite Bsuite" time="0.0">
    <ignored/>
  </testcase> <!-- @BeforeSuite Bsuite -->
  <testcase classname="Resources.Base" name="@BeforeSuite Bsuite" time="0.0">
    <ignored/>
  </testcase> <!-- @BeforeSuite Bsuite -->
</testsuite> <!-- test -->
