<?xml version="1.0" encoding="UTF-8"?>
<testng-results ignored="0" total="1" passed="1" failed="0" skipped="0">
  <reporter-output>
  </reporter-output>
  <suite started-at="2021-03-26T13:06:04 IST" name="Default suite" finished-at="2021-03-26T13:06:25 IST" duration-ms="21284">
    <groups>
    </groups>
    <test started-at="2021-03-26T13:06:04 IST" name="Default test" finished-at="2021-03-26T13:06:25 IST" duration-ms="21284">
      <class name="Sendkudos.SelectDeselectKudo">
        <test-method is-config="true" signature="Bsuite()[pri:0, instance:Sendkudos.SelectDeselectKudo@a2431d0]" started-at="2021-03-26T13:06:03 IST" name="Bsuite" finished-at="2021-03-26T13:06:04 IST" duration-ms="1014" status="PASS">
          <reporter-output>
          </reporter-output>
        </test-method> <!-- Bsuite -->
        <test-method signature="sendkudo(java.lang.String, java.lang.String)[pri:0, instance:Sendkudos.SelectDeselectKudo@a2431d0]" started-at="2021-03-26T13:06:04 IST" name="sendkudo" data-provider="datagiven" finished-at="2021-03-26T13:06:25 IST" duration-ms="21239" status="PASS">
          <params>
            <param index="0">
              <value>
                <![CDATA[seema.Chikkammanavar@qualitestgroup.com]]>
              </value>
            </param>
            <param index="1">
              <value>
                <![CDATA[p@ssw0rd]]>
              </value>
            </param>
          </params>
          <reporter-output>
          </reporter-output>
        </test-method> <!-- sendkudo -->
      </class> <!-- Sendkudos.SelectDeselectKudo -->
    </test> <!-- Default test -->
  </suite> <!-- Default suite -->
</testng-results>
